d:\iwb_5.5.1.x\iwb_5.5.1.x_for_windows_多屏修改_bak2_hebin_modify\iwb_tuio\debug\libtuio.pdb
d:\iwb_5.5.1.x\iwb_5.5.1.x_for_windows_多屏修改_bak2_hebin_modify\iwb_tuio\debug\libtuio.idb
d:\iwb_5.5.1.x\iwb_5.5.1.x_for_windows_多屏修改_bak2_hebin_modify\iwb_tuio\debug\libtuio\oscreceivedelements.obj
d:\iwb_5.5.1.x\iwb_5.5.1.x_for_windows_多屏修改_bak2_hebin_modify\iwb_tuio\debug\libtuio\osctypes.obj
d:\iwb_5.5.1.x\iwb_5.5.1.x_for_windows_多屏修改_bak2_hebin_modify\iwb_tuio\debug\libtuio\udpsocket.obj
d:\iwb_5.5.1.x\iwb_5.5.1.x_for_windows_多屏修改_bak2_hebin_modify\iwb_tuio\debug\libtuio\flashsender.obj
d:\iwb_5.5.1.x\iwb_5.5.1.x_for_windows_多屏修改_bak2_hebin_modify\iwb_tuio\debug\libtuio\oscreceiver.obj
d:\iwb_5.5.1.x\iwb_5.5.1.x_for_windows_多屏修改_bak2_hebin_modify\iwb_tuio\debug\libtuio\oscsender.obj
d:\iwb_5.5.1.x\iwb_5.5.1.x_for_windows_多屏修改_bak2_hebin_modify\iwb_tuio\debug\libtuio\tcpreceiver.obj
d:\iwb_5.5.1.x\iwb_5.5.1.x_for_windows_多屏修改_bak2_hebin_modify\iwb_tuio\debug\libtuio\tcpsender.obj
d:\iwb_5.5.1.x\iwb_5.5.1.x_for_windows_多屏修改_bak2_hebin_modify\iwb_tuio\debug\libtuio\tuioblob.obj
d:\iwb_5.5.1.x\iwb_5.5.1.x_for_windows_多屏修改_bak2_hebin_modify\iwb_tuio\debug\libtuio\tuioclient.obj
d:\iwb_5.5.1.x\iwb_5.5.1.x_for_windows_多屏修改_bak2_hebin_modify\iwb_tuio\debug\libtuio\tuiocontainer.obj
d:\iwb_5.5.1.x\iwb_5.5.1.x_for_windows_多屏修改_bak2_hebin_modify\iwb_tuio\debug\libtuio\tuiocursor.obj
d:\iwb_5.5.1.x\iwb_5.5.1.x_for_windows_多屏修改_bak2_hebin_modify\iwb_tuio\debug\libtuio\tuiodispatcher.obj
d:\iwb_5.5.1.x\iwb_5.5.1.x_for_windows_多屏修改_bak2_hebin_modify\iwb_tuio\debug\libtuio\tuiomanager.obj
d:\iwb_5.5.1.x\iwb_5.5.1.x_for_windows_多屏修改_bak2_hebin_modify\iwb_tuio\debug\libtuio\tuioobject.obj
d:\iwb_5.5.1.x\iwb_5.5.1.x_for_windows_多屏修改_bak2_hebin_modify\iwb_tuio\debug\libtuio\tuiopoint.obj
d:\iwb_5.5.1.x\iwb_5.5.1.x_for_windows_多屏修改_bak2_hebin_modify\iwb_tuio\debug\libtuio\tuioserver.obj
d:\iwb_5.5.1.x\iwb_5.5.1.x_for_windows_多屏修改_bak2_hebin_modify\iwb_tuio\debug\libtuio\tuiotime.obj
d:\iwb_5.5.1.x\iwb_5.5.1.x_for_windows_多屏修改_bak2_hebin_modify\iwb_tuio\debug\libtuio\udpreceiver.obj
d:\iwb_5.5.1.x\iwb_5.5.1.x_for_windows_多屏修改_bak2_hebin_modify\iwb_tuio\debug\libtuio\udpsender.obj
d:\iwb_5.5.1.x\iwb_5.5.1.x_for_windows_多屏修改_bak2_hebin_modify\iwb_tuio\debug\libtuio\networkingutils.obj
d:\iwb_5.5.1.x\iwb_5.5.1.x_for_windows_多屏修改_bak2_hebin_modify\iwb_tuio\debug\libtuio\oscoutboundpacketstream.obj
d:\iwb_5.5.1.x\iwb_5.5.1.x_for_windows_多屏修改_bak2_hebin_modify\iwb_tuio\debug\libtuio\oscprintreceivedelements.obj
d:\iwb_5.5.1.x\iwb_5.5.1.x_for_windows_多屏修改_bak2_hebin_modify\iwb_tuio\debug\libtuio.lib
d:\iwb_5.5.1.x\iwb_5.5.1.x_for_windows_多屏修改_bak2_hebin_modify\iwb_tuio\debug\libtuio\libtuio.vcxproj.assemblyreference.cache
d:\iwb_5.5.1.x\iwb_5.5.1.x_for_windows_多屏修改_bak2_hebin_modify\iwb_tuio\debug\libtuio\libtuio.tlog\cl.command.1.tlog
d:\iwb_5.5.1.x\iwb_5.5.1.x_for_windows_多屏修改_bak2_hebin_modify\iwb_tuio\debug\libtuio\libtuio.tlog\cl.read.1.tlog
d:\iwb_5.5.1.x\iwb_5.5.1.x_for_windows_多屏修改_bak2_hebin_modify\iwb_tuio\debug\libtuio\libtuio.tlog\cl.write.1.tlog
d:\iwb_5.5.1.x\iwb_5.5.1.x_for_windows_多屏修改_bak2_hebin_modify\iwb_tuio\debug\libtuio\libtuio.tlog\lib-link.read.1.tlog
d:\iwb_5.5.1.x\iwb_5.5.1.x_for_windows_多屏修改_bak2_hebin_modify\iwb_tuio\debug\libtuio\libtuio.tlog\lib-link.write.1.tlog
d:\iwb_5.5.1.x\iwb_5.5.1.x_for_windows_多屏修改_bak2_hebin_modify\iwb_tuio\debug\libtuio\libtuio.tlog\lib.command.1.tlog
